-------------------------------------------------------------------------------
Test set: tests.CreateNewCandidate
-------------------------------------------------------------------------------
Tests run: 1, Failures: 1, Errors: 0, Skipped: 0, Time elapsed: 14.799 s <<< FAILURE! - in tests.CreateNewCandidate
testCreateNewCandidate(tests.CreateNewCandidate)  Time elapsed: 9.358 s  <<< FAILURE!
java.lang.AssertionError: Candidate with name Rasheed null Lehner is not found in Candidate table expected [true] but found [false]
	at tests.CreateNewCandidate.testCreateNewCandidate(CreateNewCandidate.java:40)

