<?xml version="1.0" encoding="UTF-8"?>
<testsuite xmlns:xsi="http://www.w3.org/2001/XMLSchema-instance" xsi:noNamespaceSchemaLocation="https://maven.apache.org/surefire/maven-surefire-plugin/xsd/surefire-test-report.xsd" name="tests.CreateNewCandidate" time="14.799" tests="1" errors="0" skipped="0" failures="1">
  <properties>
[...]
</properties>
  <testcase name="testCreateNewCandidate" classname="tests.CreateNewCandidate" time="9.358">
    <failure message="Candidate with name Rasheed null Lehner is not found in Candidate table expected [true] but found [false]" type="java.lang.AssertionError">java.lang.AssertionError: Candidate with name Rasheed null Lehner is not found in Candidate table expected [true] but found [false]
	at tests.CreateNewCandidate.testCreateNewCandidate(CreateNewCandidate.java:40)
</failure>
    <system-out><![CDATA[I will start test
]]></system-out>
    <system-err><![CDATA[SLF4J: Failed to load class "org.slf4j.impl.StaticLoggerBinder".
SLF4J: Defaulting to no-operation (NOP) logger implementation
SLF4J: See http://www.slf4j.org/codes.html#StaticLoggerBinder for further details.
Starting ChromeDriver 2.45.615355 (d5698f682d8b2742017df6c81e0bd8e6a3063189) on port 9223
Only local connections are allowed.
Jan 02, 2019 9:58:18 PM org.openqa.selenium.remote.ProtocolHandshake createSession
INFO: Detected dialect: OSS
]]></system-err>
  </testcase>
</testsuite>